maranan/build/outputs/logs/manifest-merger-debug-report.txt
-- Merging decision tree log ---
manifest
ADDED from src/main/AndroidManifest.xml:2:1-185:12
	package
		ADDED from src/main/AndroidManifest.xml:3:5-26
		INJECTED from src/main/AndroidManifest.xml
		INJECTED from src/main/AndroidManifest.xml
	android:versionName
		ADDED from src/main/AndroidManifest.xml:5:5-30
		INJECTED from src/main/AndroidManifest.xml
		INJECTED from src/main/AndroidManifest.xml
	android:versionCode
		ADDED from src/main/AndroidManifest.xml:4:5-28
		INJECTED from src/main/AndroidManifest.xml
		INJECTED from src/main/AndroidManifest.xml
	xmlns:android
		ADDED from src/main/AndroidManifest.xml:2:11-69
uses-sdk
ADDED from src/main/AndroidManifest.xml:7:5-9:41
MERGED from [Maranan:library:unspecified] AndroidManifest.xml:7:5-9:41
MERGED from [Maranan:library_slideuplayer:unspecified] AndroidManifest.xml:7:5-9:41
MERGED from [Maranan:pulltorefreshlibrary:unspecified] AndroidManifest.xml:7:5-9:41
MERGED from [Maranan:library_sliding:unspecified] AndroidManifest.xml:7:5-9:41
MERGED from [Maranan:library_swipelistview:unspecified] AndroidManifest.xml:5:5-43
MERGED from [Maranan:facebookSDK:unspecified] AndroidManifest.xml:20:5-22:41
MERGED from [com.google.android.gms:play-services:10.0.1] AndroidManifest.xml:4:5-42
MERGED from [com.google.android.gms:play-services-ads:10.0.1] AndroidManifest.xml:17:5-42
MERGED from [com.google.android.gms:play-services-ads-lite:10.0.1] AndroidManifest.xml:22:5-42
MERGED from [com.google.android.gms:play-services-analytics:10.0.1] AndroidManifest.xml:17:5-42
MERGED from [com.google.android.gms:play-services-appinvite:10.0.1] AndroidManifest.xml:17:5-42
MERGED from [com.google.android.gms:play-services-auth:10.0.1] AndroidManifest.xml:17:5-42
MERGED from [com.google.android.gms:play-services-auth-base:10.0.1] AndroidManifest.xml:4:5-42
MERGED from [com.google.android.gms:play-services-cast-framework:10.0.1] AndroidManifest.xml:3:5-42
MERGED from [com.google.android.gms:play-services-cast:10.0.1] AndroidManifest.xml:17:5-42
MERGED from [com.android.support:mediarouter-v7:24.0.0] AndroidManifest.xml:20:5-43
MERGED from [com.google.android.gms:play-services-clearcut:10.0.1] AndroidManifest.xml:17:5-42
MERGED from [com.google.firebase:firebase-config:10.0.1] AndroidManifest.xml:17:5-42
MERGED from [com.google.android.gms:play-services-awareness:10.0.1] AndroidManifest.xml:17:5-42
MERGED from [com.google.firebase:firebase-crash:10.0.1] AndroidManifest.xml:20:5-42
MERGED from [com.google.firebase:firebase-auth:10.0.1] AndroidManifest.xml:17:5-42
MERGED from [com.google.firebase:firebase-database:10.0.1] AndroidManifest.xml:3:5-42
MERGED from [com.google.firebase:firebase-database-connection:10.0.1] AndroidManifest.xml:3:5-42
MERGED from [com.google.firebase:firebase-messaging:10.0.1] AndroidManifest.xml:17:5-42
MERGED from [com.google.firebase:firebase-storage:10.0.1] AndroidManifest.xml:3:5-42
MERGED from [com.google.firebase:firebase-storage-common:10.0.1] AndroidManifest.xml:3:5-42
MERGED from [com.google.android.gms:play-services-fitness:10.0.1] AndroidManifest.xml:17:5-42
MERGED from [com.google.android.gms:play-services-games:10.0.1] AndroidManifest.xml:17:5-42
MERGED from [com.google.android.gms:play-services-drive:10.0.1] AndroidManifest.xml:17:5-42
MERGED from [com.google.android.gms:play-services-gass:10.0.1] AndroidManifest.xml:3:5-42
MERGED from [com.google.android.gms:play-services-gcm:10.0.1] AndroidManifest.xml:17:5-42
MERGED from [com.google.firebase:firebase-appindexing:10.0.1] AndroidManifest.xml:17:5-42
MERGED from [com.google.android.gms:play-services-iid:10.0.1] AndroidManifest.xml:17:5-42
MERGED from [com.google.android.gms:play-services-instantapps:10.0.1] AndroidManifest.xml:3:5-42
MERGED from [com.google.android.gms:play-services-location:10.0.1] AndroidManifest.xml:3:5-42
MERGED from [com.google.android.gms:play-services-nearby:10.0.1] AndroidManifest.xml:3:5-42
MERGED from [com.google.android.gms:play-services-panorama:10.0.1] AndroidManifest.xml:17:5-42
MERGED from [com.google.android.gms:play-services-places:10.0.1] AndroidManifest.xml:17:5-42
MERGED from [com.google.android.gms:play-services-plus:10.0.1] AndroidManifest.xml:17:5-42
MERGED from [com.google.android.gms:play-services-safetynet:10.0.1] AndroidManifest.xml:17:5-42
MERGED from [com.google.android.gms:play-services-tagmanager:10.0.1] AndroidManifest.xml:17:5-42
MERGED from [com.google.android.gms:play-services-tagmanager-api:10.0.1] AndroidManifest.xml:17:5-42
MERGED from [com.google.firebase:firebase-analytics:10.0.1] AndroidManifest.xml:17:5-42
MERGED from [com.google.firebase:firebase-analytics-impl:10.0.1] AndroidManifest.xml:17:5-42
MERGED from [com.google.firebase:firebase-iid:10.0.1] AndroidManifest.xml:17:5-42
MERGED from [com.google.firebase:firebase-common:10.0.1] AndroidManifest.xml:3:5-42
MERGED from [com.google.android.gms:play-services-tagmanager-v4-impl:10.0.1] AndroidManifest.xml:17:5-42
MERGED from [com.google.android.gms:play-services-analytics-impl:10.0.1] AndroidManifest.xml:17:5-42
MERGED from [com.google.android.gms:play-services-vision:10.0.1] AndroidManifest.xml:3:5-42
MERGED from [com.google.android.gms:play-services-wallet:10.0.1] AndroidManifest.xml:18:5-42
MERGED from [com.google.android.gms:play-services-identity:10.0.1] AndroidManifest.xml:17:5-42
MERGED from [com.google.android.gms:play-services-maps:10.0.1] AndroidManifest.xml:23:5-42
MERGED from [com.google.android.gms:play-services-wearable:10.0.1] AndroidManifest.xml:17:5-42
MERGED from [com.google.android.gms:play-services-base:10.0.1] AndroidManifest.xml:17:5-42
MERGED from [com.google.android.gms:play-services-tasks:10.0.1] AndroidManifest.xml:3:5-42
MERGED from [com.google.android.gms:play-services-basement:10.0.1] AndroidManifest.xml:17:5-42
MERGED from [com.android.support:multidex:1.0.1] AndroidManifest.xml:18:5-42
MERGED from [com.rengwuxian.materialedittext:library:1.7.1] AndroidManifest.xml:6:5-8:41
MERGED from [com.android.support:design:23.0.1] AndroidManifest.xml:20:5-43
MERGED from [com.android.support:appcompat-v7:24.0.0] AndroidManifest.xml:21:5-23:78
MERGED from [com.android.support:animated-vector-drawable:24.0.0] AndroidManifest.xml:20:5-44
MERGED from [com.android.support:support-vector-drawable:24.0.0] AndroidManifest.xml:21:5-43
MERGED from [com.nispok:snackbar:2.11.0] AndroidManifest.xml:6:5-8:41
MERGED from [com.android.support:recyclerview-v7:22.0.0] AndroidManifest.xml:20:5-43
MERGED from [com.android.support:palette-v7:24.0.0] AndroidManifest.xml:20:5-43
MERGED from [com.android.support:support-v4:24.0.0] AndroidManifest.xml:21:5-23:54
	tools:overrideLibrary
		ADDED from [com.android.support:appcompat-v7:24.0.0] AndroidManifest.xml:23:9-75
	android:targetSdkVersion
		ADDED from src/main/AndroidManifest.xml:9:9-38
		INJECTED from src/main/AndroidManifest.xml
		INJECTED from src/main/AndroidManifest.xml
	android:minSdkVersion
		ADDED from src/main/AndroidManifest.xml:8:9-34
		INJECTED from src/main/AndroidManifest.xml
		INJECTED from src/main/AndroidManifest.xml
supports-screens
ADDED from src/main/AndroidManifest.xml:11:5-16:40
	android:largeScreens
		ADDED from src/main/AndroidManifest.xml:13:9-36
	android:smallScreens
		ADDED from src/main/AndroidManifest.xml:15:9-36
	android:normalScreens
		ADDED from src/main/AndroidManifest.xml:14:9-37
	android:xlargeScreens
		ADDED from src/main/AndroidManifest.xml:16:9-37
	android:anyDensity
		ADDED from src/main/AndroidManifest.xml:12:9-34
uses-permission#com.google.android.providers.gsf.permission.READ_GSERVICES
ADDED from src/main/AndroidManifest.xml:19:5-98
	android:name
		ADDED from src/main/AndroidManifest.xml:19:22-95
permission#com.maranan.gcm.permission.C2D_MESSAGE
ADDED from src/main/AndroidManifest.xml:21:5-23:47
	android:protectionLevel
		ADDED from src/main/AndroidManifest.xml:23:9-44
	android:name
		ADDED from src/main/AndroidManifest.xml:22:9-62
uses-permission#android.permission.VIBRATE
ADDED from src/main/AndroidManifest.xml:25:5-66
	android:name
		ADDED from src/main/AndroidManifest.xml:25:22-63
uses-permission#com.maranan.gcm.permission.C2D_MESSAGE
ADDED from src/main/AndroidManifest.xml:26:5-78
	android:name
		ADDED from src/main/AndroidManifest.xml:26:22-75
uses-permission#com.google.android.c2dm.permission.RECEIVE
ADDED from src/main/AndroidManifest.xml:27:5-82
MERGED from [com.google.android.gms:play-services-gcm:10.0.1] AndroidManifest.xml:20:5-81
MERGED from [com.google.android.gms:play-services-iid:10.0.1] AndroidManifest.xml:20:5-81
MERGED from [com.google.firebase:firebase-iid:10.0.1] AndroidManifest.xml:22:5-81
	android:name
		ADDED from src/main/AndroidManifest.xml:27:22-79
uses-permission#android.permission.ACCESS_WIFI_STATE
ADDED from src/main/AndroidManifest.xml:28:5-76
	android:name
		ADDED from src/main/AndroidManifest.xml:28:22-73
uses-permission#android.permission.INTERNET
ADDED from src/main/AndroidManifest.xml:29:5-67
MERGED from [com.google.android.gms:play-services-ads-lite:10.0.1] AndroidManifest.xml:19:5-66
MERGED from [com.google.android.gms:play-services-analytics:10.0.1] AndroidManifest.xml:20:5-66
MERGED from [com.google.android.gms:play-services-appinvite:10.0.1] AndroidManifest.xml:18:5-66
MERGED from [com.google.firebase:firebase-crash:10.0.1] AndroidManifest.xml:18:5-66
MERGED from [com.google.android.gms:play-services-gcm:10.0.1] AndroidManifest.xml:21:5-66
MERGED from [com.google.android.gms:play-services-iid:10.0.1] AndroidManifest.xml:21:5-66
MERGED from [com.google.android.gms:play-services-tagmanager-api:10.0.1] AndroidManifest.xml:20:5-66
MERGED from [com.google.firebase:firebase-analytics:10.0.1] AndroidManifest.xml:20:5-66
MERGED from [com.google.firebase:firebase-analytics-impl:10.0.1] AndroidManifest.xml:20:5-66
MERGED from [com.google.firebase:firebase-iid:10.0.1] AndroidManifest.xml:20:5-66
MERGED from [com.google.android.gms:play-services-analytics-impl:10.0.1] AndroidManifest.xml:20:5-66
MERGED from [com.google.android.gms:play-services-maps:10.0.1] AndroidManifest.xml:20:5-66
	android:name
		ADDED from src/main/AndroidManifest.xml:29:22-64
uses-permission#android.permission.READ_EXTERNAL_STORAGE
ADDED from src/main/AndroidManifest.xml:30:5-80
	android:name
		ADDED from src/main/AndroidManifest.xml:30:22-77
uses-permission#android.permission.ACCESS_NETWORK_STATE
ADDED from src/main/AndroidManifest.xml:31:5-79
MERGED from [com.google.android.gms:play-services-ads-lite:10.0.1] AndroidManifest.xml:20:5-78
MERGED from [com.google.android.gms:play-services-analytics:10.0.1] AndroidManifest.xml:21:5-78
MERGED from [com.google.android.gms:play-services-nearby:10.0.1] AndroidManifest.xml:4:5-78
MERGED from [com.google.android.gms:play-services-tagmanager-api:10.0.1] AndroidManifest.xml:21:5-78
MERGED from [com.google.firebase:firebase-analytics:10.0.1] AndroidManifest.xml:21:5-78
MERGED from [com.google.firebase:firebase-analytics-impl:10.0.1] AndroidManifest.xml:21:5-78
MERGED from [com.google.firebase:firebase-iid:10.0.1] AndroidManifest.xml:19:5-78
MERGED from [com.google.android.gms:play-services-analytics-impl:10.0.1] AndroidManifest.xml:21:5-78
MERGED from [com.google.android.gms:play-services-maps:10.0.1] AndroidManifest.xml:19:5-78
	android:name
		ADDED from src/main/AndroidManifest.xml:31:22-76
uses-permission#android.permission.GET_ACCOUNTS
ADDED from src/main/AndroidManifest.xml:32:5-71
	android:name
		ADDED from src/main/AndroidManifest.xml:32:22-68
uses-permission#android.permission.USE_CREDENTIALS
ADDED from src/main/AndroidManifest.xml:33:5-74
	android:name
		ADDED from src/main/AndroidManifest.xml:33:22-71
uses-permission#android.permission.WAKE_LOCK
ADDED from src/main/AndroidManifest.xml:34:5-68
MERGED from [com.google.android.gms:play-services-analytics:10.0.1] AndroidManifest.xml:24:5-67
MERGED from [com.google.firebase:firebase-analytics:10.0.1] AndroidManifest.xml:22:5-67
MERGED from [com.google.firebase:firebase-analytics-impl:10.0.1] AndroidManifest.xml:22:5-67
MERGED from [com.google.firebase:firebase-iid:10.0.1] AndroidManifest.xml:21:5-67
MERGED from [com.google.android.gms:play-services-analytics-impl:10.0.1] AndroidManifest.xml:24:5-67
	android:name
		ADDED from src/main/AndroidManifest.xml:34:22-65
uses-permission#android.permission.RECORD_AUDIO
ADDED from src/main/AndroidManifest.xml:35:5-71
	android:name
		ADDED from src/main/AndroidManifest.xml:35:22-68
uses-permission#android.permission.WRITE_EXTERNAL_STORAGE
ADDED from src/main/AndroidManifest.xml:36:5-81
	android:name
		ADDED from src/main/AndroidManifest.xml:36:22-78
uses-permission#android.permission.READ_PHONE_STATE
ADDED from src/main/AndroidManifest.xml:37:5-75
	android:name
		ADDED from src/main/AndroidManifest.xml:37:22-72
uses-permission#android.permission.CALL_PHONE
ADDED from src/main/AndroidManifest.xml:38:5-69
	android:name
		ADDED from src/main/AndroidManifest.xml:38:22-66
uses-permission#android.permission.RECEIVE_BOOT_COMPLETED
ADDED from src/main/AndroidManifest.xml:39:5-81
	android:name
		ADDED from src/main/AndroidManifest.xml:39:22-78
application
ADDED from src/main/AndroidManifest.xml:41:5-183:19
MERGED from [Maranan:library_slideuplayer:unspecified] AndroidManifest.xml:11:5-20
MERGED from [Maranan:pulltorefreshlibrary:unspecified] AndroidManifest.xml:11:5-20
MERGED from [Maranan:facebookSDK:unspecified] AndroidManifest.xml:24:5-20
MERGED from [com.google.android.gms:play-services:10.0.1] AndroidManifest.xml:5:5-20
MERGED from [com.google.android.gms:play-services-ads-lite:10.0.1] AndroidManifest.xml:23:5-27:19
MERGED from [com.google.android.gms:play-services-analytics:10.0.1] AndroidManifest.xml:26:5-19
MERGED from [com.google.android.gms:play-services-appinvite:10.0.1] AndroidManifest.xml:19:5-26:19
MERGED from [com.google.android.gms:play-services-auth:10.0.1] AndroidManifest.xml:19:5-25:19
MERGED from [com.google.android.gms:play-services-cast-framework:10.0.1] AndroidManifest.xml:4:5-8:19
MERGED from [com.google.android.gms:play-services-cast:10.0.1] AndroidManifest.xml:18:5-19
MERGED from [com.android.support:mediarouter-v7:24.0.0] AndroidManifest.xml:22:5-20
MERGED from [com.google.android.gms:play-services-clearcut:10.0.1] AndroidManifest.xml:18:5-19
MERGED from [com.google.firebase:firebase-config:10.0.1] AndroidManifest.xml:18:5-19
MERGED from [com.google.android.gms:play-services-awareness:10.0.1] AndroidManifest.xml:18:5-19
MERGED from [com.google.firebase:firebase-crash:10.0.1] AndroidManifest.xml:22:5-23:19
MERGED from [com.google.firebase:firebase-auth:10.0.1] AndroidManifest.xml:19:5-20:19
MERGED from [com.google.firebase:firebase-messaging:10.0.1] AndroidManifest.xml:19:5-29:19
MERGED from [com.google.android.gms:play-services-fitness:10.0.1] AndroidManifest.xml:18:5-19
MERGED from [com.google.android.gms:play-services-games:10.0.1] AndroidManifest.xml:18:5-19
MERGED from [com.google.android.gms:play-services-drive:10.0.1] AndroidManifest.xml:18:5-19
MERGED from [com.google.android.gms:play-services-gass:10.0.1] AndroidManifest.xml:4:5-19
MERGED from [com.google.android.gms:play-services-gcm:10.0.1] AndroidManifest.xml:23:5-19
MERGED from [com.google.firebase:firebase-appindexing:10.0.1] AndroidManifest.xml:18:5-19
MERGED from [com.google.android.gms:play-services-iid:10.0.1] AndroidManifest.xml:23:5-19
MERGED from [com.google.android.gms:play-services-location:10.0.1] AndroidManifest.xml:4:5-19
MERGED from [com.google.android.gms:play-services-nearby:10.0.1] AndroidManifest.xml:5:5-19
MERGED from [com.google.android.gms:play-services-panorama:10.0.1] AndroidManifest.xml:18:5-19
MERGED from [com.google.android.gms:play-services-places:10.0.1] AndroidManifest.xml:18:5-19
MERGED from [com.google.android.gms:play-services-plus:10.0.1] AndroidManifest.xml:18:5-19
MERGED from [com.google.android.gms:play-services-safetynet:10.0.1] AndroidManifest.xml:18:5-19
MERGED from [com.google.android.gms:play-services-tagmanager-api:10.0.1] AndroidManifest.xml:23:5-33:19
MERGED from [com.google.firebase:firebase-analytics:10.0.1] AndroidManifest.xml:24:5-33:19
MERGED from [com.google.firebase:firebase-analytics-impl:10.0.1] AndroidManifest.xml:24:5-28:19
MERGED from [com.google.firebase:firebase-iid:10.0.1] AndroidManifest.xml:28:5-50:19
MERGED from [com.google.firebase:firebase-common:10.0.1] AndroidManifest.xml:4:5-7:19
MERGED from [com.google.android.gms:play-services-tagmanager-v4-impl:10.0.1] AndroidManifest.xml:19:5-19
MERGED from [com.google.android.gms:play-services-analytics-impl:10.0.1] AndroidManifest.xml:26:5-19
MERGED from [com.google.android.gms:play-services-vision:10.0.1] AndroidManifest.xml:4:5-19
MERGED from [com.google.android.gms:play-services-identity:10.0.1] AndroidManifest.xml:18:5-19
MERGED from [com.google.android.gms:play-services-maps:10.0.1] AndroidManifest.xml:24:5-19
MERGED from [com.google.android.gms:play-services-wearable:10.0.1] AndroidManifest.xml:18:5-19
MERGED from [com.google.android.gms:play-services-base:10.0.1] AndroidManifest.xml:18:5-20:19
MERGED from [com.google.android.gms:play-services-tasks:10.0.1] AndroidManifest.xml:4:5-19
MERGED from [com.google.android.gms:play-services-basement:10.0.1] AndroidManifest.xml:19:5-21:19
MERGED from [com.android.support:design:23.0.1] AndroidManifest.xml:22:5-20
MERGED from [com.android.support:appcompat-v7:24.0.0] AndroidManifest.xml:25:5-20
MERGED from [com.android.support:animated-vector-drawable:24.0.0] AndroidManifest.xml:22:5-20
MERGED from [com.android.support:support-vector-drawable:24.0.0] AndroidManifest.xml:23:5-20
MERGED from [com.nispok:snackbar:2.11.0] AndroidManifest.xml:10:5-20
MERGED from [com.android.support:recyclerview-v7:22.0.0] AndroidManifest.xml:22:5-26:19
MERGED from [com.android.support:palette-v7:24.0.0] AndroidManifest.xml:22:5-23:19
MERGED from [com.android.support:support-v4:24.0.0] AndroidManifest.xml:25:5-20
	android:label
		ADDED from src/main/AndroidManifest.xml:46:9-41
	android:hardwareAccelerated
		ADDED from src/main/AndroidManifest.xml:44:9-43
	android:allowBackup
		ADDED from src/main/AndroidManifest.xml:43:9-35
	android:icon
		ADDED from src/main/AndroidManifest.xml:45:9-38
	android:largeHeap
		ADDED from src/main/AndroidManifest.xml:47:9-33
	android:theme
		ADDED from src/main/AndroidManifest.xml:48:9-44
	android:name
		ADDED from src/main/AndroidManifest.xml:42:9-56
activity#com.maranan.SplashActivity
ADDED from src/main/AndroidManifest.xml:49:9-59:20
	android:screenOrientation
		ADDED from src/main/AndroidManifest.xml:52:13-49
	android:label
		ADDED from src/main/AndroidManifest.xml:51:13-45
	android:theme
		ADDED from src/main/AndroidManifest.xml:53:13-44
	android:name
		ADDED from src/main/AndroidManifest.xml:50:13-54
intent-filter#android.intent.action.MAIN+android.intent.category.LAUNCHER
ADDED from src/main/AndroidManifest.xml:54:13-58:29
action#android.intent.action.MAIN
ADDED from src/main/AndroidManifest.xml:55:17-69
	android:name
		ADDED from src/main/AndroidManifest.xml:55:25-66
category#android.intent.category.LAUNCHER
ADDED from src/main/AndroidManifest.xml:57:17-77
	android:name
		ADDED from src/main/AndroidManifest.xml:57:27-74
activity#com.maranan.LogInActivity
ADDED from src/main/AndroidManifest.xml:60:9-64:70
	android:screenOrientation
		ADDED from src/main/AndroidManifest.xml:63:13-49
	android:label
		ADDED from src/main/AndroidManifest.xml:62:13-45
	android:windowSoftInputMode
		ADDED from src/main/AndroidManifest.xml:64:13-67
	android:name
		ADDED from src/main/AndroidManifest.xml:61:13-53
activity#com.maranan.RegistrationActivity
ADDED from src/main/AndroidManifest.xml:65:9-69:70
	android:screenOrientation
		ADDED from src/main/AndroidManifest.xml:68:13-49
	android:label
		ADDED from src/main/AndroidManifest.xml:67:13-45
	android:windowSoftInputMode
		ADDED from src/main/AndroidManifest.xml:69:13-67
	android:name
		ADDED from src/main/AndroidManifest.xml:66:13-60
activity#com.maranan.DevoteActivity
ADDED from src/main/AndroidManifest.xml:70:9-74:70
	android:screenOrientation
		ADDED from src/main/AndroidManifest.xml:73:13-49
	android:label
		ADDED from src/main/AndroidManifest.xml:72:13-45
	android:windowSoftInputMode
		ADDED from src/main/AndroidManifest.xml:74:13-67
	android:name
		ADDED from src/main/AndroidManifest.xml:71:13-54
activity#com.maranan.VideoDrawerActivity
ADDED from src/main/AndroidManifest.xml:75:9-80:53
	android:screenOrientation
		ADDED from src/main/AndroidManifest.xml:80:13-50
	android:label
		ADDED from src/main/AndroidManifest.xml:78:13-45
	android:configChanges
		ADDED from src/main/AndroidManifest.xml:77:13-74
	android:largeHeap
		ADDED from src/main/AndroidManifest.xml:79:13-37
	android:name
		ADDED from src/main/AndroidManifest.xml:76:13-59
activity#com.maranan.VideoPlayerForNotification
ADDED from src/main/AndroidManifest.xml:81:9-86:53
	android:screenOrientation
		ADDED from src/main/AndroidManifest.xml:86:13-50
	android:label
		ADDED from src/main/AndroidManifest.xml:84:13-45
	android:configChanges
		ADDED from src/main/AndroidManifest.xml:83:13-74
	android:largeHeap
		ADDED from src/main/AndroidManifest.xml:85:13-37
	android:name
		ADDED from src/main/AndroidManifest.xml:82:13-66
activity#com.maranan.VideoActivity
ADDED from src/main/AndroidManifest.xml:87:9-93:70
	android:screenOrientation
		ADDED from src/main/AndroidManifest.xml:92:13-49
	android:label
		ADDED from src/main/AndroidManifest.xml:90:13-45
	android:hardwareAccelerated
		ADDED from src/main/AndroidManifest.xml:89:13-47
	android:windowSoftInputMode
		ADDED from src/main/AndroidManifest.xml:93:13-67
	android:largeHeap
		ADDED from src/main/AndroidManifest.xml:91:13-37
	android:name
		ADDED from src/main/AndroidManifest.xml:88:13-53
activity#com.maranan.ListOfAlerts
ADDED from src/main/AndroidManifest.xml:94:9-99:70
	android:screenOrientation
		ADDED from src/main/AndroidManifest.xml:97:13-49
	android:label
		ADDED from src/main/AndroidManifest.xml:96:13-45
	android:windowSoftInputMode
		ADDED from src/main/AndroidManifest.xml:99:13-67
	android:theme
		ADDED from src/main/AndroidManifest.xml:98:13-48
	android:name
		ADDED from src/main/AndroidManifest.xml:95:13-52
activity#com.maranan.ListDetailed
ADDED from src/main/AndroidManifest.xml:101:9-106:70
	android:screenOrientation
		ADDED from src/main/AndroidManifest.xml:104:13-49
	android:label
		ADDED from src/main/AndroidManifest.xml:103:13-45
	android:windowSoftInputMode
		ADDED from src/main/AndroidManifest.xml:106:13-67
	android:theme
		ADDED from src/main/AndroidManifest.xml:105:13-63
	android:name
		ADDED from src/main/AndroidManifest.xml:102:13-52
activity#com.maranan.PrayerScreen
ADDED from src/main/AndroidManifest.xml:108:9-113:70
	android:screenOrientation
		ADDED from src/main/AndroidManifest.xml:111:13-49
	android:label
		ADDED from src/main/AndroidManifest.xml:110:13-45
	android:windowSoftInputMode
		ADDED from src/main/AndroidManifest.xml:113:13-67
	android:theme
		ADDED from src/main/AndroidManifest.xml:112:13-63
	android:name
		ADDED from src/main/AndroidManifest.xml:109:13-52
activity#com.facebook.LoginActivity
ADDED from src/main/AndroidManifest.xml:114:9-117:70
	android:screenOrientation
		ADDED from src/main/AndroidManifest.xml:116:13-49
	android:windowSoftInputMode
		ADDED from src/main/AndroidManifest.xml:117:13-67
	android:name
		ADDED from src/main/AndroidManifest.xml:115:13-54
meta-data#com.facebook.sdk.ApplicationId
ADDED from src/main/AndroidManifest.xml:119:9-122:70
	android:windowSoftInputMode
		ADDED from src/main/AndroidManifest.xml:122:13-67
	android:value
		ADDED from src/main/AndroidManifest.xml:121:13-43
	android:name
		ADDED from src/main/AndroidManifest.xml:120:13-58
meta-data#com.google.android.gms.version
ADDED from src/main/AndroidManifest.xml:123:9-125:69
MERGED from [com.google.android.gms:play-services-basement:10.0.1] AndroidManifest.xml:20:9-121
	android:value
		ADDED from src/main/AndroidManifest.xml:125:13-66
	android:name
		ADDED from src/main/AndroidManifest.xml:124:13-58
activity#com.maranan.BugReportActivity
ADDED from src/main/AndroidManifest.xml:127:9-131:70
	android:screenOrientation
		ADDED from src/main/AndroidManifest.xml:130:13-49
	android:label
		ADDED from src/main/AndroidManifest.xml:129:13-45
	android:windowSoftInputMode
		ADDED from src/main/AndroidManifest.xml:131:13-67
	android:name
		ADDED from src/main/AndroidManifest.xml:128:13-57
receiver#com.maranan.broadcastreceivers.CallReceiver
ADDED from src/main/AndroidManifest.xml:133:9-137:20
	android:name
		ADDED from src/main/AndroidManifest.xml:133:19-77
intent-filter#android.intent.action.PHONE_STATE
ADDED from src/main/AndroidManifest.xml:134:13-136:29
action#android.intent.action.PHONE_STATE
ADDED from src/main/AndroidManifest.xml:135:17-76
	android:name
		ADDED from src/main/AndroidManifest.xml:135:25-73
receiver#com.maranan.broadcastreceivers.NotificationReceiver
ADDED from src/main/AndroidManifest.xml:138:9-144:20
	android:exported
		ADDED from src/main/AndroidManifest.xml:140:13-37
	android:name
		ADDED from src/main/AndroidManifest.xml:139:13-79
intent-filter#com.example.app.ACTION_PLAY
ADDED from src/main/AndroidManifest.xml:141:13-143:29
action#com.example.app.ACTION_PLAY
ADDED from src/main/AndroidManifest.xml:142:17-70
	android:name
		ADDED from src/main/AndroidManifest.xml:142:25-67
receiver#com.maranan.broadcastreceivers.DeleteSwipeBroadcastReceiver
ADDED from src/main/AndroidManifest.xml:145:9-151:20
	android:exported
		ADDED from src/main/AndroidManifest.xml:147:13-37
	android:name
		ADDED from src/main/AndroidManifest.xml:146:13-87
intent-filter#com.example.app.ACTION_DELETE
ADDED from src/main/AndroidManifest.xml:148:13-150:29
action#com.example.app.ACTION_DELETE
ADDED from src/main/AndroidManifest.xml:149:17-72
	android:name
		ADDED from src/main/AndroidManifest.xml:149:25-69
receiver#com.maranan.broadcastreceivers.PhoneCallReciever
ADDED from src/main/AndroidManifest.xml:152:9-158:20
	android:exported
		ADDED from src/main/AndroidManifest.xml:154:13-37
	android:name
		ADDED from src/main/AndroidManifest.xml:153:13-76
intent-filter#com.example.app.CALL
ADDED from src/main/AndroidManifest.xml:155:13-157:29
action#com.example.app.CALL
ADDED from src/main/AndroidManifest.xml:156:17-63
	android:name
		ADDED from src/main/AndroidManifest.xml:156:25-60
receiver#com.maranan.gcm.GcmBroadcastReceiver
ADDED from src/main/AndroidManifest.xml:159:9-168:20
	android:permission
		ADDED from src/main/AndroidManifest.xml:161:13-73
	android:name
		ADDED from src/main/AndroidManifest.xml:160:13-64
intent-filter#com.google.android.c2dm.intent.RECEIVE+com.google.android.c2dm.intent.REGISTRATION+com.maranan.gcm
ADDED from src/main/AndroidManifest.xml:162:13-167:29
action#com.google.android.c2dm.intent.RECEIVE
ADDED from src/main/AndroidManifest.xml:163:17-81
	android:name
		ADDED from src/main/AndroidManifest.xml:163:25-78
action#com.google.android.c2dm.intent.REGISTRATION
ADDED from src/main/AndroidManifest.xml:164:17-86
	android:name
		ADDED from src/main/AndroidManifest.xml:164:25-83
category#com.maranan.gcm
ADDED from src/main/AndroidManifest.xml:166:17-60
	android:name
		ADDED from src/main/AndroidManifest.xml:166:27-57
service#com.maranan.gcm.GCMNotificationIntentService
ADDED from src/main/AndroidManifest.xml:170:9-172:38
	android:enabled
		ADDED from src/main/AndroidManifest.xml:172:13-35
	android:name
		ADDED from src/main/AndroidManifest.xml:171:13-72
service#com.maranan.services.MyRadioService
ADDED from src/main/AndroidManifest.xml:174:9-176:38
	android:enabled
		ADDED from src/main/AndroidManifest.xml:176:13-35
	android:name
		ADDED from src/main/AndroidManifest.xml:175:13-63
service#com.maranan.services.GCMService
ADDED from src/main/AndroidManifest.xml:177:9-179:38
	android:enabled
		ADDED from src/main/AndroidManifest.xml:179:13-35
	android:name
		ADDED from src/main/AndroidManifest.xml:178:13-59
service#com.maranan.services.NewsletterService
ADDED from src/main/AndroidManifest.xml:180:9-182:38
	android:enabled
		ADDED from src/main/AndroidManifest.xml:182:13-35
	android:name
		ADDED from src/main/AndroidManifest.xml:181:13-66
activity#com.google.android.gms.ads.AdActivity
ADDED from [com.google.android.gms:play-services-ads-lite:10.0.1] AndroidManifest.xml:25:9-232
	android:configChanges
		ADDED from [com.google.android.gms:play-services-ads-lite:10.0.1] AndroidManifest.xml:25:72-181
	android:theme
		ADDED from [com.google.android.gms:play-services-ads-lite:10.0.1] AndroidManifest.xml:25:182-230
	android:name
		ADDED from [com.google.android.gms:play-services-ads-lite:10.0.1] AndroidManifest.xml:25:19-71
activity#com.google.android.gms.ads.purchase.InAppPurchaseActivity
ADDED from [com.google.android.gms:play-services-ads-lite:10.0.1] AndroidManifest.xml:26:9-131
	android:theme
		ADDED from [com.google.android.gms:play-services-ads-lite:10.0.1] AndroidManifest.xml:26:92-129
	android:name
		ADDED from [com.google.android.gms:play-services-ads-lite:10.0.1] AndroidManifest.xml:26:19-91
activity#com.google.android.gms.appinvite.PreviewActivity
ADDED from [com.google.android.gms:play-services-appinvite:10.0.1] AndroidManifest.xml:20:9-25:20
	android:exported
		ADDED from [com.google.android.gms:play-services-appinvite:10.0.1] AndroidManifest.xml:20:51-74
	android:theme
		ADDED from [com.google.android.gms:play-services-appinvite:10.0.1] AndroidManifest.xml:20:75-121
	android:name
		ADDED from [com.google.android.gms:play-services-appinvite:10.0.1] AndroidManifest.xml:20:19-50
intent-filter#android.intent.category.DEFAULT+com.google.android.gms.appinvite.ACTION_PREVIEW
ADDED from [com.google.android.gms:play-services-appinvite:10.0.1] AndroidManifest.xml:21:13-24:29
action#com.google.android.gms.appinvite.ACTION_PREVIEW
ADDED from [com.google.android.gms:play-services-appinvite:10.0.1] AndroidManifest.xml:22:17-89
	android:name
		ADDED from [com.google.android.gms:play-services-appinvite:10.0.1] AndroidManifest.xml:22:25-87
category#android.intent.category.DEFAULT
ADDED from [com.google.android.gms:play-services-appinvite:10.0.1] AndroidManifest.xml:23:17-75
	android:name